<?xml version="1.0" encoding="UTF-8"?>
<!-- Generated by org.testng.reporters.JUnitReportReporter -->
<testsuite skipped="0" hostname="LAPTOP-7VQ11PQH" name="xendit.xendit_qa_assesment.addition" tests="11" failures="0" timestamp="2021-02-08T13:39:10 IST" time="26.026" errors="0">
  <testcase name="openOnlineCalculator" time="17.704" classname="xendit.xendit_qa_assesment.addition"/>
  <system-out/>
  <testcase name="TC1" time="1.000" classname="xendit.xendit_qa_assesment.addition"/>
  <system-out/>
  <testcase name="TC1Compare" time="0.271" classname="xendit.xendit_qa_assesment.addition"/>
  <system-out/>
  <testcase name="TC2" time="1.909" classname="xendit.xendit_qa_assesment.addition"/>
  <system-out/>
  <testcase name="TC2Compare" time="0.165" classname="xendit.xendit_qa_assesment.addition"/>
  <system-out/>
  <testcase name="TC3" time="1.705" classname="xendit.xendit_qa_assesment.addition"/>
  <system-out/>
  <testcase name="TC3Compare" time="0.115" classname="xendit.xendit_qa_assesment.addition"/>
  <system-out/>
  <testcase name="TC4" time="1.444" classname="xendit.xendit_qa_assesment.addition"/>
  <system-out/>
  <testcase name="TC4Compare" time="0.148" classname="xendit.xendit_qa_assesment.addition"/>
  <system-out/>
  <testcase name="TC5" time="1.413" classname="xendit.xendit_qa_assesment.addition"/>
  <system-out/>
  <testcase name="TC5Compare" time="0.152" classname="xendit.xendit_qa_assesment.addition"/>
  <system-out/>
</testsuite> <!-- xendit.xendit_qa_assesment.addition -->
