<?xml version="1.0" encoding="UTF-8"?>
<!-- Generated by org.testng.reporters.JUnitReportReporter -->
<testsuite skipped="0" hostname="LAPTOP-7VQ11PQH" name="xendit.xendit_qa_assesment.substraction" tests="7" failures="0" timestamp="2021-02-08T13:39:10 IST" time="17.831" errors="0">
  <testcase name="openOnlineCalculator" time="14.656" classname="xendit.xendit_qa_assesment.substraction"/>
  <system-out/>
  <testcase name="TC6" time="0.762" classname="xendit.xendit_qa_assesment.substraction"/>
  <system-out/>
  <testcase name="TC6Compare" time="0.047" classname="xendit.xendit_qa_assesment.substraction"/>
  <system-out/>
  <testcase name="TC7" time="1.255" classname="xendit.xendit_qa_assesment.substraction"/>
  <system-out/>
  <testcase name="TC7Compare" time="0.032" classname="xendit.xendit_qa_assesment.substraction"/>
  <system-out/>
  <testcase name="TC8" time="1.044" classname="xendit.xendit_qa_assesment.substraction"/>
  <system-out/>
  <testcase name="TC8Compare" time="0.035" classname="xendit.xendit_qa_assesment.substraction"/>
  <system-out/>
</testsuite> <!-- xendit.xendit_qa_assesment.substraction -->
