<?xml version="1.0" encoding="UTF-8"?>
<!-- Generated by org.testng.reporters.JUnitReportReporter -->
<testsuite skipped="0" hostname="LAPTOP-7VQ11PQH" name="xendit.xendit_qa_assesment.addition" tests="11" failures="0" timestamp="2021-02-08T15:13:18 IST" time="25.365" errors="0">
  <testcase name="openOnlineCalculator" time="17.967" classname="xendit.xendit_qa_assesment.addition"/>
  <system-out/>
  <testcase name="TC1" time="1.048" classname="xendit.xendit_qa_assesment.addition"/>
  <system-out/>
  <testcase name="TC1Compare" time="0.183" classname="xendit.xendit_qa_assesment.addition"/>
  <system-out/>
  <testcase name="TC2" time="1.616" classname="xendit.xendit_qa_assesment.addition"/>
  <system-out/>
  <testcase name="TC2Compare" time="0.128" classname="xendit.xendit_qa_assesment.addition"/>
  <system-out/>
  <testcase name="TC3" time="1.303" classname="xendit.xendit_qa_assesment.addition"/>
  <system-out/>
  <testcase name="TC3Compare" time="0.051" classname="xendit.xendit_qa_assesment.addition"/>
  <system-out/>
  <testcase name="TC4" time="1.537" classname="xendit.xendit_qa_assesment.addition"/>
  <system-out/>
  <testcase name="TC4Compare" time="0.129" classname="xendit.xendit_qa_assesment.addition"/>
  <system-out/>
  <testcase name="TC5" time="1.319" classname="xendit.xendit_qa_assesment.addition"/>
  <system-out/>
  <testcase name="TC5Compare" time="0.084" classname="xendit.xendit_qa_assesment.addition"/>
  <system-out/>
</testsuite> <!-- xendit.xendit_qa_assesment.addition -->
